<?xml version="1.0" encoding="UTF-8"?>
<!-- Generated by org.testng.reporters.JUnitReportReporter -->
<testsuite hostname="LAPTOP-CP8S8DCM" name="com.acti.TestCase.LoginTest" tests="2" failures="0" timestamp="6 May 2020 13:21:47 GMT" time="29.224" errors="0">
  <testcase name="TestLoginDetails" time="13.445" classname="com.acti.TestCase.LoginTest"/>
  <testcase name="TestActiLogo" time="15.779" classname="com.acti.TestCase.LoginTest"/>
</testsuite> <!-- com.acti.TestCase.LoginTest -->
