<?xml version="1.0" encoding="UTF-8"?>
<!-- Generated by org.testng.reporters.JUnitReportReporter -->
<testsuite hostname="LAPTOP-CP8S8DCM" name="com.actiBase.DriverScript" tests="1" failures="0" timestamp="1 May 2020 15:04:06 GMT" time="18.049" errors="0">
  <testcase name="initApp" time="18.049" classname="com.actiBase.DriverScript"/>
</testsuite> <!-- com.actiBase.DriverScript -->
