<?xml version="1.0" encoding="UTF-8"?>
<!-- Generated by org.testng.reporters.JUnitReportReporter -->
<testsuite hostname="LAPTOP-CP8S8DCM" name="com.acti.TestCase.TasksPageTest" tests="1" failures="0" timestamp="11 May 2020 15:21:15 GMT" time="29.818" errors="0">
  <testcase name="VerifyTaskClick" time="29.818" classname="com.acti.TestCase.TasksPageTest"/>
</testsuite> <!-- com.acti.TestCase.TasksPageTest -->
