<?xml version="1.0" encoding="UTF-8"?>
<!-- Generated by org.testng.reporters.JUnitReportReporter -->
<testsuite hostname="LAPTOP-CP8S8DCM" name="com.acti.TestCase.TasksPageTest" tests="1" failures="0" timestamp="6 May 2020 13:24:30 GMT" time="23.897" errors="0">
  <testcase name="VerifyTaskClick" time="23.897" classname="com.acti.TestCase.TasksPageTest"/>
</testsuite> <!-- com.acti.TestCase.TasksPageTest -->
